<?xml version="1.0" encoding="UTF-8"?>
<Site BuildName="Linux-g++"
	BuildStamp="20250918-1931-Experimental"
	Name="tsushima"
	Generator="ctest-3.22.1"
	CompilerName="/usr/bin/g++"
	CompilerVersion="11.4.0"
	OSName="Linux"
	Hostname="tsushima"
	OSRelease="6.8.0-83-generic"
	OSVersion="#83~22.04.1-Ubuntu SMP PREEMPT_DYNAMIC Tue Sep  9 18:19:47 UTC 2"
	OSPlatform="x86_64"
	Is64Bits="1"
	VendorString="GenuineIntel"
	VendorID="Intel Corporation"
	FamilyID="6"
	ModelID="42"
	ProcessorCacheSize="3072"
	NumberOfLogicalCPU="4"
	NumberOfPhysicalCPU="2"
	TotalVirtualMemory="4025"
	TotalPhysicalMemory="3793"
	LogicalProcessorsPerPhysical="2"
	ProcessorClockFrequency="2993.42"
	>
	<Testing>
		<StartDateTime>Sep 19 01:02 IST</StartDateTime>
		<StartTestTime>1758223968</StartTestTime>
		<TestList/>
		<EndDateTime>Sep 19 01:02 IST</EndDateTime>
		<EndTestTime>1758223968</EndTestTime>
		<ElapsedMinutes>0</ElapsedMinutes>
	</Testing>
</Site>
